<?xml version="1.0" encoding="utf-8"?>
<test-run id="2" testcasecount="3" result="Passed" total="3" passed="3" failed="0" inconclusive="0" skipped="0" asserts="0" engine-version="3.5.0.0" clr-version="4.0.30319.42000" start-time="2026-04-27 22:13:59Z" end-time="2026-04-27 22:13:59Z" duration="0.0687102">
  <test-suite type="TestSuite" id="1020" name="KorProto" fullname="KorProto" runstate="Runnable" testcasecount="10" result="Passed" start-time="2026-04-27 22:13:59Z" end-time="2026-04-27 22:13:59Z" duration="0.068710" total="3" passed="3" failed="0" inconclusive="0" skipped="0" asserts="0">
    <properties>
      <property name="platform" value="EditMode" />
    </properties>
    <test-suite type="Assembly" id="1013" name="GameSubsystemTests.dll" fullname="C:/Users/obrie/UnityProjects/KorProto/Library/ScriptAssemblies/GameSubsystemTests.dll" runstate="Runnable" testcasecount="10" result="Passed" start-time="2026-04-27 22:13:59Z" end-time="2026-04-27 22:13:59Z" duration="0.045752" total="3" passed="3" failed="0" inconclusive="0" skipped="0" asserts="0">
      <properties>
        <property name="_PID" value="44256" />
        <property name="_APPDOMAIN" value="Unity Child Domain" />
        <property name="platform" value="EditMode" />
        <property name="EditorOnly" value="True" />
      </properties>
      <test-suite type="TestFixture" id="1009" name="RailLineTests" fullname="RailLineTests" classname="RailLineTests" runstate="Runnable" testcasecount="3" result="Passed" start-time="2026-04-27 22:13:59Z" end-time="2026-04-27 22:13:59Z" duration="0.042492" total="3" passed="3" failed="0" inconclusive="0" skipped="0" asserts="0">
        <properties />
        <test-case id="1011" name="RailLineCellManipulationTest" fullname="RailLineTests.RailLineCellManipulationTest" methodname="RailLineCellManipulationTest" classname="RailLineTests" runstate="Runnable" seed="727570726" result="Passed" start-time="2026-04-27 22:13:59Z" end-time="2026-04-27 22:13:59Z" duration="0.021077" asserts="0">
          <properties>
            <property name="retryIteration" value="0" />
            <property name="repeatIteration" value="0" />
          </properties>
        </test-case>
        <test-case id="1010" name="RailLineConstructorTest" fullname="RailLineTests.RailLineConstructorTest" methodname="RailLineConstructorTest" classname="RailLineTests" runstate="Runnable" seed="1070792532" result="Passed" start-time="2026-04-27 22:13:59Z" end-time="2026-04-27 22:13:59Z" duration="0.002035" asserts="0">
          <properties>
            <property name="retryIteration" value="0" />
            <property name="repeatIteration" value="0" />
          </properties>
        </test-case>
        <test-case id="1012" name="RailLineTrainAssignmentTest" fullname="RailLineTests.RailLineTrainAssignmentTest" methodname="RailLineTrainAssignmentTest" classname="RailLineTests" runstate="Runnable" seed="1471041158" result="Passed" start-time="2026-04-27 22:13:59Z" end-time="2026-04-27 22:13:59Z" duration="0.001938" asserts="0">
          <properties>
            <property name="retryIteration" value="0" />
            <property name="repeatIteration" value="0" />
          </properties>
          <output><![CDATA[Saving results to: C:/Users/obrie/AppData/LocalLow/DefaultCompany/KorProto\TestResults.xml
]]></output>
        </test-case>
      </test-suite>
    </test-suite>
  </test-suite>
</test-run>